<?xml version="1.0" encoding="UTF-8"?>
<!-- Generated by org.testng.reporters.JUnitXMLReporter -->
<testsuite hostname="LAPTOP-G03A7UC3" name="Default test" tests="4" failures="0" timestamp="12 May 2021 11:00:26 GMT" time="15.182" errors="0">
  <testcase name="Login" time="2.745" classname="test.TestAPI"/>
  <testcase name="getUser" time="0.832" classname="test.TestAPI"/>
  <testcase name="getCustomersBetween" time="0.9" classname="test.TestAPI"/>
  <testcase name="logout" time="0.698" classname="test.TestAPI"/>
</testsuite> <!-- Default test -->
