<?xml version="1.0" encoding="UTF-8"?>
<testng-results skipped="0" failed="0" total="1" passed="1">
  <reporter-output>
  </reporter-output>
  <suite name="Suite" duration-ms="15165" started-at="2021-05-05T03:41:43Z" finished-at="2021-05-05T03:41:58Z">
    <groups>
    </groups>
    <test name="Test" duration-ms="15165" started-at="2021-05-05T03:41:43Z" finished-at="2021-05-05T03:41:58Z">
      <class name="test.TestAPI">
        <test-method status="PASS" signature="setup()[pri:0, instance:test.TestAPI@573f2bb1]" name="setup" is-config="true" duration-ms="10742" started-at="2021-05-05T09:11:43Z" finished-at="2021-05-05T09:11:54Z">
          <reporter-output>
          </reporter-output>
        </test-method> <!-- setup -->
        <test-method status="PASS" signature="getAllUsers()[pri:0, instance:test.TestAPI@573f2bb1]" name="getAllUsers" duration-ms="4398" started-at="2021-05-05T09:11:54Z" finished-at="2021-05-05T09:11:58Z">
          <reporter-output>
          </reporter-output>
        </test-method> <!-- getAllUsers -->
      </class> <!-- test.TestAPI -->
    </test> <!-- Test -->
  </suite> <!-- Suite -->
</testng-results>
