<?xml version="1.0" encoding="UTF-8"?>
<testsuite xmlns:xsi="http://www.w3.org/2001/XMLSchema-instance" xsi:noNamespaceSchemaLocation="https://maven.apache.org/surefire/maven-surefire-plugin/xsd/surefire-test-report-3.0.xsd" version="3.0" name="TestSuite" time="16.609" tests="1" errors="0" skipped="0" failures="0">
  <properties>
[...]
</properties>
  <testcase name="getAllUsers" classname="test.TestAPI" time="4.391">
    <system-out><![CDATA[eyJhbGciOiJIUzI1NiIsInR5cCI6IkpXVCJ9.eyJfaWQiOiI2MDkwZDY5MzM2YWY0ZDAwMTdlOGIwMjciLCJpYXQiOjE2MjAxODYxMDcsImV4cCI6MTYyMDI3MjUwN30.1uM7N1iBYtytIS3IgaWiFN6-uctYfhQOACJq40d9e6w
priyanka2@gmail.com
]]></system-out>
  </testcase>
</testsuite>